
2024/01/07 (17:40:34) | ===> btop++ v.1.2.13
2024/01/07 (17:40:34) | ERROR: Stall in Runner thread, restarting!

2024/01/11 (16:30:06) | ===> btop++ v.1.2.13
2024/01/11 (16:30:06) | ERROR: Stall in Runner thread, restarting!

2024/07/27 (10:11:25) | ===> btop++ v.1.3.0
2024/07/27 (10:11:25) | ERROR: Stall in Runner thread, restarting!

2024/08/14 (20:08:51) | ===> btop++ v.1.3.0
2024/08/14 (20:08:51) | ERROR: Stall in Runner thread, restarting!

2025/01/28 (13:34:56) | ===> btop++ v.1.3.0
2025/01/28 (13:34:56) | ERROR: Stall in Runner thread, restarting!

2025/01/30 (14:58:50) | ===> btop++ v.1.3.0
2025/01/30 (14:58:50) | ERROR: Stall in Runner thread, restarting!

2025/02/09 (20:54:13) | ===> btop++ v.1.3.0
2025/02/09 (20:54:13) | ERROR: Stall in Runner thread, restarting!

2025/02/10 (20:11:28) | ===> btop++ v.1.3.0
2025/02/10 (20:11:28) | ERROR: Stall in Runner thread, restarting!

2025/02/15 (21:41:02) | ===> btop++ v.1.3.0
2025/02/15 (21:41:02) | ERROR: Stall in Runner thread, restarting!

2025/04/07 (21:02:24) | ===> btop++ v.1.3.0
2025/04/07 (21:02:24) | ERROR: Stall in Runner thread, restarting!

2025/04/23 (12:04:41) | ===> btop++ v.1.3.0
2025/04/23 (12:04:41) | ERROR: Stall in Runner thread, restarting!

2025/04/29 (19:07:54) | ===> btop++ v.1.3.0
2025/04/29 (19:07:55) | ERROR: Stall in Runner thread, restarting!

2025/05/19 (20:42:14) | ===> btop++ v.1.3.0
2025/05/19 (20:42:14) | ERROR: Stall in Runner thread, restarting!

2025/05/23 (22:40:48) | ===> btop++ v.1.3.0
2025/05/23 (22:40:48) | ERROR: Stall in Runner thread, restarting!

2025/07/15 (20:04:40) | ===> btop++ v.1.3.0
2025/07/15 (20:04:40) | ERROR: Stall in Runner thread, restarting!

2025/09/04 (22:04:08) | ===> btop++ v.1.3.0
2025/09/04 (22:04:08) | ERROR: Stall in Runner thread, restarting!

2025/09/14 (13:38:22) | ===> btop++ v.1.3.0
2025/09/14 (13:38:22) | ERROR: Stall in Runner thread, restarting!

2025/09/25 (20:02:02) | ===> btop++ v.1.3.0
2025/09/25 (20:02:02) | ERROR: Stall in Runner thread, restarting!

2025/09/29 (21:23:40) | ===> btop++ v.1.3.0
2025/09/29 (21:23:40) | ERROR: Stall in Runner thread, restarting!

2025/11/16 (20:08:17) | ===> btop++ v.1.3.2
2025/11/16 (20:08:17) | ERROR: Stall in Runner thread, restarting!
2025/11/16 (20:09:06) | ERROR: Stall in Runner thread, restarting!

2025/11/16 (20:09:22) | ===> btop++ v.1.3.2
2025/11/16 (20:09:22) | ERROR: Stall in Runner thread, restarting!
2025/11/16 (20:11:30) | ERROR: Stall in Runner thread, restarting!
2025/11/16 (20:13:52) | ERROR: Stall in Runner thread, restarting!

2026/02/04 (09:59:05) | ===> btop++ v.1.3.2
2026/02/04 (09:59:05) | WARNING: Failed to join _runner thread on exit!

2026/03/02 (22:12:24) | ===> btop++ v.1.3.2
2026/03/02 (22:12:24) | ERROR: Stall in Runner thread, restarting!

2026/04/03 (14:21:06) | ===> btop++ v.1.3.2
2026/04/03 (14:21:06) | ERROR: Couldn't determine terminal size of "STDOUT_FILENO"!
2026/04/03 (14:21:06) | ERROR: Couldn't determine terminal size of "/dev/tty"!

2026/04/17 (09:46:13) | ===> btop++ v.1.3.2
2026/04/17 (09:46:13) | WARNING: Failed to join _runner thread on exit!
